2026-01-22 18:10:49 INFO  [main]  c.p.e.EcomProductsApplication - Starting EcomProductsApplication using Java 23.0.2 with PID 27136 (C:\Users\pchandek\Documents\PC_things\PC_Work\Real_Project\Ecommerce_Microservice_Using_Kafka\ecomProducts\target\classes started by pchandek in C:\Users\pchandek\Documents\PC_things\PC_Work\Real_Project\Ecommerce_Microservice_Using_Kafka)
2026-01-22 18:10:49 INFO  [main]  c.p.e.EcomProductsApplication - No active profile set, falling back to 1 default profile: "default"
2026-01-22 18:10:51 INFO  [main]  o.s.d.r.c.RepositoryConfigurationDelegate - Bootstrapping Spring Data JPA repositories in DEFAULT mode.
2026-01-22 18:10:51 INFO  [main]  o.s.d.r.c.RepositoryConfigurationDelegate - Finished Spring Data repository scanning in 136 ms. Found 1 JPA repository interface.
2026-01-22 18:10:52 INFO  [main]  o.s.cloud.context.scope.GenericScope - BeanFactory id=13d50c31-78fe-3549-8afc-de9d3e018ae4
2026-01-22 18:10:52 INFO  [main]  o.s.b.w.e.tomcat.TomcatWebServer - Tomcat initialized with port 8082 (http)
2026-01-22 18:10:52 INFO  [main]  o.a.coyote.http11.Http11NioProtocol - Initializing ProtocolHandler ["http-nio-8082"]
2026-01-22 18:10:52 INFO  [main]  o.a.catalina.core.StandardService - Starting service [Tomcat]
2026-01-22 18:10:52 INFO  [main]  o.a.catalina.core.StandardEngine - Starting Servlet engine: [Apache Tomcat/10.1.43]
2026-01-22 18:10:53 INFO  [main]  o.a.c.c.C.[Tomcat].[localhost].[/] - Initializing Spring embedded WebApplicationContext
2026-01-22 18:10:53 INFO  [main]  o.s.b.w.s.c.ServletWebServerApplicationContext - Root WebApplicationContext: initialization completed in 3243 ms
2026-01-22 18:10:53 INFO  [main]  o.h.jpa.internal.util.LogHelper - HHH000204: Processing PersistenceUnitInfo [name: default]
2026-01-22 18:10:53 INFO  [main]  org.hibernate.Version - HHH000412: Hibernate ORM core version 6.6.22.Final
2026-01-22 18:10:53 INFO  [main]  o.h.c.i.RegionFactoryInitiator - HHH000026: Second-level cache disabled
2026-01-22 18:10:53 INFO  [main]  o.s.o.j.p.SpringPersistenceUnitInfo - No LoadTimeWeaver setup: ignoring JPA class transformer
2026-01-22 18:10:54 INFO  [main]  com.zaxxer.hikari.HikariDataSource - HikariPool-1 - Starting...
2026-01-22 18:10:54 INFO  [main]  com.zaxxer.hikari.pool.HikariPool - HikariPool-1 - Added connection com.mysql.cj.jdbc.ConnectionImpl@61d6c8c4
2026-01-22 18:10:54 INFO  [main]  com.zaxxer.hikari.HikariDataSource - HikariPool-1 - Start completed.
2026-01-22 18:10:54 INFO  [main]  o.hibernate.orm.connections.pooling - HHH10001005: Database info:
	Database JDBC URL [Connecting through datasource 'HikariDataSource (HikariPool-1)']
	Database driver: undefined/unknown
	Database version: 8.0.43
	Autocommit mode: undefined/unknown
	Isolation level: undefined/unknown
	Minimum pool size: undefined/unknown
	Maximum pool size: undefined/unknown
2026-01-22 18:10:55 INFO  [main]  o.h.e.t.j.p.i.JtaPlatformInitiator - HHH000489: No JTA platform available (set 'hibernate.transaction.jta.platform' to enable JTA platform integration)
2026-01-22 18:10:55 INFO  [main]  o.s.o.j.LocalContainerEntityManagerFactoryBean - Initialized JPA EntityManagerFactory for persistence unit 'default'
2026-01-22 18:10:56 INFO  [main]  o.s.d.j.r.query.QueryEnhancerFactory - Hibernate is in classpath; If applicable, HQL parser will be used.
2026-01-22 18:10:57 WARN  [main]  o.s.b.a.o.j.JpaBaseConfiguration$JpaWebConfiguration - spring.jpa.open-in-view is enabled by default. Therefore, database queries may be performed during view rendering. Explicitly configure spring.jpa.open-in-view to disable this warning
2026-01-22 18:10:59 INFO  [main]  o.s.c.n.e.c.DiscoveryClientOptionalArgsConfiguration - Eureka HTTP Client uses RestTemplate.
2026-01-22 18:10:59 WARN  [main]  o.s.c.l.c.LoadBalancerCacheAutoConfiguration$LoadBalancerCaffeineWarnLogger - Spring Cloud LoadBalancer is currently working with the default cache. While this cache implementation is useful for development and tests, it's recommended to use Caffeine cache in production.You can switch to using Caffeine cache, by adding it and org.springframework.cache.caffeine.CaffeineCacheManager to the classpath.
2026-01-22 18:10:59 INFO  [main]  o.s.c.n.eureka.InstanceInfoFactory - Setting initial instance status as: STARTING
2026-01-22 18:10:59 INFO  [main]  c.netflix.discovery.DiscoveryClient - Initializing Eureka in region us-east-1
2026-01-22 18:10:59 INFO  [main]  c.n.d.s.r.aws.ConfigClusterResolver - Resolving eureka endpoints via configuration
2026-01-22 18:10:59 INFO  [main]  c.netflix.discovery.DiscoveryClient - Disable delta property : false
2026-01-22 18:10:59 INFO  [main]  c.netflix.discovery.DiscoveryClient - Single vip registry refresh property : null
2026-01-22 18:10:59 INFO  [main]  c.netflix.discovery.DiscoveryClient - Force full registry fetch : false
2026-01-22 18:10:59 INFO  [main]  c.netflix.discovery.DiscoveryClient - Application is null : false
2026-01-22 18:10:59 INFO  [main]  c.netflix.discovery.DiscoveryClient - Registered Applications size is zero : true
2026-01-22 18:10:59 INFO  [main]  c.netflix.discovery.DiscoveryClient - Application version is -1: true
2026-01-22 18:10:59 INFO  [main]  c.netflix.discovery.DiscoveryClient - Getting all instance registry info from the eureka server
2026-01-22 18:11:01 INFO  [main]  c.netflix.discovery.DiscoveryClient - The response status is 200
2026-01-22 18:11:01 INFO  [main]  c.netflix.discovery.DiscoveryClient - Starting heartbeat executor: renew interval is: 30
2026-01-22 18:11:01 INFO  [main]  c.n.discovery.InstanceInfoReplicator - InstanceInfoReplicator onDemand update allowed rate per min is 4
2026-01-22 18:11:01 INFO  [main]  c.netflix.discovery.DiscoveryClient - Discovery Client initialized at timestamp 1769085661604 with initial instances count: 1
2026-01-22 18:11:01 INFO  [main]  o.s.c.n.e.s.EurekaServiceRegistry - Registering application ECOMPRODUCTS with eureka with status UP
2026-01-22 18:11:01 INFO  [main]  c.netflix.discovery.DiscoveryClient - Saw local status change event StatusChangeEvent [timestamp=1769085661627, current=UP, previous=STARTING]
2026-01-22 18:11:01 INFO  [DiscoveryClient-InstanceInfoReplicator-%d]  c.netflix.discovery.DiscoveryClient - DiscoveryClient_ECOMPRODUCTS/pchandek-54050817H:ecomProducts:8082: registering service...
2026-01-22 18:11:01 INFO  [main]  o.a.coyote.http11.Http11NioProtocol - Starting ProtocolHandler ["http-nio-8082"]
2026-01-22 18:11:01 INFO  [main]  o.s.b.w.e.tomcat.TomcatWebServer - Tomcat started on port 8082 (http) with context path '/'
2026-01-22 18:11:01 INFO  [main]  o.s.c.n.e.s.EurekaAutoServiceRegistration - Updating port to 8082
2026-01-22 18:11:01 INFO  [DiscoveryClient-InstanceInfoReplicator-%d]  c.netflix.discovery.DiscoveryClient - DiscoveryClient_ECOMPRODUCTS/pchandek-54050817H:ecomProducts:8082 - registration status: 204
2026-01-22 18:11:01 INFO  [main]  o.a.k.c.consumer.ConsumerConfig - ConsumerConfig values: 
	allow.auto.create.topics = true
	auto.commit.interval.ms = 5000
	auto.include.jmx.reporter = true
	auto.offset.reset = earliest
	bootstrap.servers = [localhost:9092]
	check.crcs = true
	client.dns.lookup = use_all_dns_ips
	client.id = consumer-ecomOrderService-1
	client.rack = 
	connections.max.idle.ms = 540000
	default.api.timeout.ms = 60000
	enable.auto.commit = false
	enable.metrics.push = true
	exclude.internal.topics = true
	fetch.max.bytes = 52428800
	fetch.max.wait.ms = 500
	fetch.min.bytes = 1
	group.id = ecomOrderService
	group.instance.id = null
	group.protocol = classic
	group.remote.assignor = null
	heartbeat.interval.ms = 3000
	interceptor.classes = []
	internal.leave.group.on.close = true
	internal.throw.on.fetch.stable.offset.unsupported = false
	isolation.level = read_uncommitted
	key.deserializer = class org.apache.kafka.common.serialization.StringDeserializer
	max.partition.fetch.bytes = 1048576
	max.poll.interval.ms = 300000
	max.poll.records = 500
	metadata.max.age.ms = 300000
	metadata.recovery.strategy = none
	metric.reporters = []
	metrics.num.samples = 2
	metrics.recording.level = INFO
	metrics.sample.window.ms = 30000
	partition.assignment.strategy = [class org.apache.kafka.clients.consumer.RangeAssignor, class org.apache.kafka.clients.consumer.CooperativeStickyAssignor]
	receive.buffer.bytes = 65536
	reconnect.backoff.max.ms = 1000
	reconnect.backoff.ms = 50
	request.timeout.ms = 30000
	retry.backoff.max.ms = 1000
	retry.backoff.ms = 100
	sasl.client.callback.handler.class = null
	sasl.jaas.config = null
	sasl.kerberos.kinit.cmd = /usr/bin/kinit
	sasl.kerberos.min.time.before.relogin = 60000
	sasl.kerberos.service.name = null
	sasl.kerberos.ticket.renew.jitter = 0.05
	sasl.kerberos.ticket.renew.window.factor = 0.8
	sasl.login.callback.handler.class = null
	sasl.login.class = null
	sasl.login.connect.timeout.ms = null
	sasl.login.read.timeout.ms = null
	sasl.login.refresh.buffer.seconds = 300
	sasl.login.refresh.min.period.seconds = 60
	sasl.login.refresh.window.factor = 0.8
	sasl.login.refresh.window.jitter = 0.05
	sasl.login.retry.backoff.max.ms = 10000
	sasl.login.retry.backoff.ms = 100
	sasl.mechanism = GSSAPI
	sasl.oauthbearer.clock.skew.seconds = 30
	sasl.oauthbearer.expected.audience = null
	sasl.oauthbearer.expected.issuer = null
	sasl.oauthbearer.header.urlencode = false
	sasl.oauthbearer.jwks.endpoint.refresh.ms = 3600000
	sasl.oauthbearer.jwks.endpoint.retry.backoff.max.ms = 10000
	sasl.oauthbearer.jwks.endpoint.retry.backoff.ms = 100
	sasl.oauthbearer.jwks.endpoint.url = null
	sasl.oauthbearer.scope.claim.name = scope
	sasl.oauthbearer.sub.claim.name = sub
	sasl.oauthbearer.token.endpoint.url = null
	security.protocol = PLAINTEXT
	security.providers = null
	send.buffer.bytes = 131072
	session.timeout.ms = 45000
	socket.connection.setup.timeout.max.ms = 30000
	socket.connection.setup.timeout.ms = 10000
	ssl.cipher.suites = null
	ssl.enabled.protocols = [TLSv1.2, TLSv1.3]
	ssl.endpoint.identification.algorithm = https
	ssl.engine.factory.class = null
	ssl.key.password = null
	ssl.keymanager.algorithm = SunX509
	ssl.keystore.certificate.chain = null
	ssl.keystore.key = null
	ssl.keystore.location = null
	ssl.keystore.password = null
	ssl.keystore.type = JKS
	ssl.protocol = TLSv1.3
	ssl.provider = null
	ssl.secure.random.implementation = null
	ssl.trustmanager.algorithm = PKIX
	ssl.truststore.certificates = null
	ssl.truststore.location = null
	ssl.truststore.password = null
	ssl.truststore.type = JKS
	value.deserializer = class org.apache.kafka.common.serialization.StringDeserializer

2026-01-22 18:11:02 INFO  [main]  o.a.k.c.t.i.KafkaMetricsCollector - initializing Kafka metrics collector
2026-01-22 18:11:02 INFO  [main]  o.a.k.c.consumer.ConsumerConfig - These configurations '[spring.json.trusted.packages, spring.json.use.type.headers]' were supplied but are not used yet.
2026-01-22 18:11:02 INFO  [main]  o.a.kafka.common.utils.AppInfoParser - Kafka version: 3.9.1
2026-01-22 18:11:02 INFO  [main]  o.a.kafka.common.utils.AppInfoParser - Kafka commitId: f745dfdcee2b9851
2026-01-22 18:11:02 INFO  [main]  o.a.kafka.common.utils.AppInfoParser - Kafka startTimeMs: 1769085662806
2026-01-22 18:11:02 INFO  [main]  o.a.k.c.c.i.ClassicKafkaConsumer - [Consumer clientId=consumer-ecomOrderService-1, groupId=ecomOrderService] Subscribed to topic(s): ecomOrderService_addToProductQuantity
2026-01-22 18:11:02 INFO  [main]  c.p.e.EcomProductsApplication - Started EcomProductsApplication in 14.811 seconds (process running for 15.614)
2026-01-22 18:11:04 WARN  [org.springframework.kafka.KafkaListenerEndpointContainer#0-0-C-1]  o.apache.kafka.clients.NetworkClient - [Consumer clientId=consumer-ecomOrderService-1, groupId=ecomOrderService] The metadata response from the cluster reported a recoverable issue with correlation id 2 : {ecomOrderService_addToProductQuantity=UNKNOWN_TOPIC_OR_PARTITION}
2026-01-22 18:11:04 INFO  [org.springframework.kafka.KafkaListenerEndpointContainer#0-0-C-1]  org.apache.kafka.clients.Metadata - [Consumer clientId=consumer-ecomOrderService-1, groupId=ecomOrderService] Cluster ID: tMDBM2GmSMeaTviXxskT7Q
2026-01-22 18:11:04 INFO  [org.springframework.kafka.KafkaListenerEndpointContainer#0-0-C-1]  o.a.k.c.c.i.ConsumerCoordinator - [Consumer clientId=consumer-ecomOrderService-1, groupId=ecomOrderService] Discovered group coordinator localhost:9092 (id: 2147483646 rack: null)
2026-01-22 18:11:04 INFO  [org.springframework.kafka.KafkaListenerEndpointContainer#0-0-C-1]  o.a.k.c.c.i.ConsumerCoordinator - [Consumer clientId=consumer-ecomOrderService-1, groupId=ecomOrderService] (Re-)joining group
2026-01-22 18:11:04 INFO  [org.springframework.kafka.KafkaListenerEndpointContainer#0-0-C-1]  o.a.k.c.c.i.ConsumerCoordinator - [Consumer clientId=consumer-ecomOrderService-1, groupId=ecomOrderService] Request joining group due to: need to re-join with the given member-id: consumer-ecomOrderService-1-98dcd7d7-8b22-42a6-aea5-f5b0c8081648
2026-01-22 18:11:04 INFO  [org.springframework.kafka.KafkaListenerEndpointContainer#0-0-C-1]  o.a.k.c.c.i.ConsumerCoordinator - [Consumer clientId=consumer-ecomOrderService-1, groupId=ecomOrderService] (Re-)joining group
2026-01-22 18:11:07 INFO  [org.springframework.kafka.KafkaListenerEndpointContainer#0-0-C-1]  o.a.k.c.c.i.ConsumerCoordinator - [Consumer clientId=consumer-ecomOrderService-1, groupId=ecomOrderService] Successfully joined group with generation Generation{generationId=33, memberId='consumer-ecomOrderService-1-98dcd7d7-8b22-42a6-aea5-f5b0c8081648', protocol='range'}
2026-01-22 18:11:07 INFO  [org.springframework.kafka.KafkaListenerEndpointContainer#0-0-C-1]  o.a.k.c.c.i.ConsumerCoordinator - [Consumer clientId=consumer-ecomOrderService-1, groupId=ecomOrderService] Successfully synced group in generation Generation{generationId=33, memberId='consumer-ecomOrderService-1-98dcd7d7-8b22-42a6-aea5-f5b0c8081648', protocol='range'}
2026-01-22 18:11:07 INFO  [org.springframework.kafka.KafkaListenerEndpointContainer#0-0-C-1]  o.a.k.c.c.i.ConsumerCoordinator - [Consumer clientId=consumer-ecomOrderService-1, groupId=ecomOrderService] Notifying assignor about the new Assignment(partitions=[ecomOrderService_addToProductQuantity-0])
2026-01-22 18:11:07 INFO  [org.springframework.kafka.KafkaListenerEndpointContainer#0-0-C-1]  o.a.k.c.c.i.ConsumerRebalanceListenerInvoker - [Consumer clientId=consumer-ecomOrderService-1, groupId=ecomOrderService] Adding newly assigned partitions: ecomOrderService_addToProductQuantity-0
2026-01-22 18:11:07 INFO  [org.springframework.kafka.KafkaListenerEndpointContainer#0-0-C-1]  o.a.k.c.c.i.ConsumerCoordinator - [Consumer clientId=consumer-ecomOrderService-1, groupId=ecomOrderService] Found no committed offset for partition ecomOrderService_addToProductQuantity-0
2026-01-22 18:11:07 INFO  [org.springframework.kafka.KafkaListenerEndpointContainer#0-0-C-1]  o.a.k.c.c.i.SubscriptionState - [Consumer clientId=consumer-ecomOrderService-1, groupId=ecomOrderService] Resetting offset for partition ecomOrderService_addToProductQuantity-0 to position FetchPosition{offset=0, offsetEpoch=Optional.empty, currentLeader=LeaderAndEpoch{leader=Optional[localhost:9092 (id: 1 rack: null)], epoch=0}}.
2026-01-22 18:11:07 INFO  [org.springframework.kafka.KafkaListenerEndpointContainer#0-0-C-1]  o.s.k.l.KafkaMessageListenerContainer - ecomOrderService: partitions assigned: [ecomOrderService_addToProductQuantity-0]
2026-01-22 18:11:52 INFO  [org.springframework.kafka.KafkaListenerEndpointContainer#0-0-C-1]  o.a.k.c.c.i.ConsumerCoordinator - [Consumer clientId=consumer-ecomOrderService-1, groupId=ecomOrderService] Request joining group due to: group is already rebalancing
2026-01-22 18:11:52 INFO  [org.springframework.kafka.KafkaListenerEndpointContainer#0-0-C-1]  o.a.k.c.c.i.ConsumerRebalanceListenerInvoker - [Consumer clientId=consumer-ecomOrderService-1, groupId=ecomOrderService] Revoke previously assigned partitions ecomOrderService_addToProductQuantity-0
2026-01-22 18:11:52 INFO  [org.springframework.kafka.KafkaListenerEndpointContainer#0-0-C-1]  o.s.k.l.KafkaMessageListenerContainer - ecomOrderService: partitions revoked: [ecomOrderService_addToProductQuantity-0]
2026-01-22 18:11:52 INFO  [org.springframework.kafka.KafkaListenerEndpointContainer#0-0-C-1]  o.a.k.c.c.i.ConsumerCoordinator - [Consumer clientId=consumer-ecomOrderService-1, groupId=ecomOrderService] (Re-)joining group
2026-01-22 18:11:52 INFO  [org.springframework.kafka.KafkaListenerEndpointContainer#0-0-C-1]  o.a.k.c.c.i.ConsumerCoordinator - [Consumer clientId=consumer-ecomOrderService-1, groupId=ecomOrderService] Successfully joined group with generation Generation{generationId=34, memberId='consumer-ecomOrderService-1-98dcd7d7-8b22-42a6-aea5-f5b0c8081648', protocol='range'}
2026-01-22 18:11:52 INFO  [org.springframework.kafka.KafkaListenerEndpointContainer#0-0-C-1]  o.a.k.c.c.i.ConsumerCoordinator - [Consumer clientId=consumer-ecomOrderService-1, groupId=ecomOrderService] Successfully synced group in generation Generation{generationId=34, memberId='consumer-ecomOrderService-1-98dcd7d7-8b22-42a6-aea5-f5b0c8081648', protocol='range'}
2026-01-22 18:11:52 INFO  [org.springframework.kafka.KafkaListenerEndpointContainer#0-0-C-1]  o.a.k.c.c.i.ConsumerCoordinator - [Consumer clientId=consumer-ecomOrderService-1, groupId=ecomOrderService] Notifying assignor about the new Assignment(partitions=[ecomOrderService_addToProductQuantity-0])
2026-01-22 18:11:52 INFO  [org.springframework.kafka.KafkaListenerEndpointContainer#0-0-C-1]  o.a.k.c.c.i.ConsumerRebalanceListenerInvoker - [Consumer clientId=consumer-ecomOrderService-1, groupId=ecomOrderService] Adding newly assigned partitions: ecomOrderService_addToProductQuantity-0
2026-01-22 18:11:52 INFO  [org.springframework.kafka.KafkaListenerEndpointContainer#0-0-C-1]  o.a.k.c.c.i.ConsumerCoordinator - [Consumer clientId=consumer-ecomOrderService-1, groupId=ecomOrderService] Found no committed offset for partition ecomOrderService_addToProductQuantity-0
2026-01-22 18:11:52 INFO  [org.springframework.kafka.KafkaListenerEndpointContainer#0-0-C-1]  o.a.k.c.c.i.SubscriptionState - [Consumer clientId=consumer-ecomOrderService-1, groupId=ecomOrderService] Resetting offset for partition ecomOrderService_addToProductQuantity-0 to position FetchPosition{offset=0, offsetEpoch=Optional.empty, currentLeader=LeaderAndEpoch{leader=Optional[localhost:9092 (id: 1 rack: null)], epoch=0}}.
2026-01-22 18:11:52 INFO  [org.springframework.kafka.KafkaListenerEndpointContainer#0-0-C-1]  o.s.k.l.KafkaMessageListenerContainer - ecomOrderService: partitions assigned: [ecomOrderService_addToProductQuantity-0]
2026-01-22 18:16:00 INFO  [AsyncResolver-bootstrap-executor-%d]  c.n.d.s.r.aws.ConfigClusterResolver - Resolving eureka endpoints via configuration
2026-01-22 18:19:29 INFO  [org.springframework.kafka.KafkaListenerEndpointContainer#0-0-C-1]  c.p.e.service.ProductDetailsService - Received preserve product request from ecomOrderDetails OrderDetailsWrapper(orderId=4, userName=pc, productName=headphone)
2026-01-22 18:19:29 INFO  [org.springframework.kafka.KafkaListenerEndpointContainer#0-0-C-1]  c.p.e.service.ProductDetailsService - Successfully preserved the headphone quantity
2026-01-22 18:21:00 INFO  [AsyncResolver-bootstrap-executor-%d]  c.n.d.s.r.aws.ConfigClusterResolver - Resolving eureka endpoints via configuration
2026-01-22 18:24:24 INFO  [org.springframework.kafka.KafkaListenerEndpointContainer#0-0-C-1]  o.a.k.c.c.i.ConsumerCoordinator - [Consumer clientId=consumer-ecomOrderService-1, groupId=ecomOrderService] Request joining group due to: group is already rebalancing
2026-01-22 18:24:24 INFO  [org.springframework.kafka.KafkaListenerEndpointContainer#0-0-C-1]  o.a.k.c.c.i.ConsumerRebalanceListenerInvoker - [Consumer clientId=consumer-ecomOrderService-1, groupId=ecomOrderService] Revoke previously assigned partitions ecomOrderService_addToProductQuantity-0
2026-01-22 18:24:24 INFO  [org.springframework.kafka.KafkaListenerEndpointContainer#0-0-C-1]  o.s.k.l.KafkaMessageListenerContainer - ecomOrderService: partitions revoked: [ecomOrderService_addToProductQuantity-0]
2026-01-22 18:24:24 INFO  [org.springframework.kafka.KafkaListenerEndpointContainer#0-0-C-1]  o.a.k.c.c.i.ConsumerCoordinator - [Consumer clientId=consumer-ecomOrderService-1, groupId=ecomOrderService] (Re-)joining group
2026-01-22 18:24:24 INFO  [org.springframework.kafka.KafkaListenerEndpointContainer#0-0-C-1]  o.a.k.c.c.i.ConsumerCoordinator - [Consumer clientId=consumer-ecomOrderService-1, groupId=ecomOrderService] Successfully joined group with generation Generation{generationId=35, memberId='consumer-ecomOrderService-1-98dcd7d7-8b22-42a6-aea5-f5b0c8081648', protocol='range'}
2026-01-22 18:24:24 INFO  [org.springframework.kafka.KafkaListenerEndpointContainer#0-0-C-1]  o.a.k.c.c.i.ConsumerCoordinator - [Consumer clientId=consumer-ecomOrderService-1, groupId=ecomOrderService] Successfully synced group in generation Generation{generationId=35, memberId='consumer-ecomOrderService-1-98dcd7d7-8b22-42a6-aea5-f5b0c8081648', protocol='range'}
2026-01-22 18:24:24 INFO  [org.springframework.kafka.KafkaListenerEndpointContainer#0-0-C-1]  o.a.k.c.c.i.ConsumerCoordinator - [Consumer clientId=consumer-ecomOrderService-1, groupId=ecomOrderService] Notifying assignor about the new Assignment(partitions=[ecomOrderService_addToProductQuantity-0])
2026-01-22 18:24:24 INFO  [org.springframework.kafka.KafkaListenerEndpointContainer#0-0-C-1]  o.a.k.c.c.i.ConsumerRebalanceListenerInvoker - [Consumer clientId=consumer-ecomOrderService-1, groupId=ecomOrderService] Adding newly assigned partitions: ecomOrderService_addToProductQuantity-0
2026-01-22 18:24:24 INFO  [org.springframework.kafka.KafkaListenerEndpointContainer#0-0-C-1]  o.a.k.c.c.internals.ConsumerUtils - Setting offset for partition ecomOrderService_addToProductQuantity-0 to the committed offset FetchPosition{offset=1, offsetEpoch=Optional.empty, currentLeader=LeaderAndEpoch{leader=Optional[localhost:9092 (id: 1 rack: null)], epoch=0}}
2026-01-22 18:24:24 INFO  [org.springframework.kafka.KafkaListenerEndpointContainer#0-0-C-1]  o.s.k.l.KafkaMessageListenerContainer - ecomOrderService: partitions assigned: [ecomOrderService_addToProductQuantity-0]
2026-01-22 18:26:00 INFO  [AsyncResolver-bootstrap-executor-%d]  c.n.d.s.r.aws.ConfigClusterResolver - Resolving eureka endpoints via configuration
2026-01-22 18:31:00 INFO  [AsyncResolver-bootstrap-executor-%d]  c.n.d.s.r.aws.ConfigClusterResolver - Resolving eureka endpoints via configuration
2026-01-22 18:36:00 INFO  [AsyncResolver-bootstrap-executor-%d]  c.n.d.s.r.aws.ConfigClusterResolver - Resolving eureka endpoints via configuration
2026-01-22 18:41:00 INFO  [AsyncResolver-bootstrap-executor-%d]  c.n.d.s.r.aws.ConfigClusterResolver - Resolving eureka endpoints via configuration
2026-01-22 18:46:00 INFO  [AsyncResolver-bootstrap-executor-%d]  c.n.d.s.r.aws.ConfigClusterResolver - Resolving eureka endpoints via configuration
2026-01-22 18:48:54 INFO  [org.springframework.kafka.KafkaListenerEndpointContainer#0-0-C-1]  o.a.k.c.c.i.ConsumerCoordinator - [Consumer clientId=consumer-ecomOrderService-1, groupId=ecomOrderService] Request joining group due to: group is already rebalancing
2026-01-22 18:48:54 INFO  [org.springframework.kafka.KafkaListenerEndpointContainer#0-0-C-1]  o.a.k.c.c.i.ConsumerRebalanceListenerInvoker - [Consumer clientId=consumer-ecomOrderService-1, groupId=ecomOrderService] Revoke previously assigned partitions ecomOrderService_addToProductQuantity-0
2026-01-22 18:48:54 INFO  [org.springframework.kafka.KafkaListenerEndpointContainer#0-0-C-1]  o.s.k.l.KafkaMessageListenerContainer - ecomOrderService: partitions revoked: [ecomOrderService_addToProductQuantity-0]
2026-01-22 18:48:54 INFO  [org.springframework.kafka.KafkaListenerEndpointContainer#0-0-C-1]  o.a.k.c.c.i.ConsumerCoordinator - [Consumer clientId=consumer-ecomOrderService-1, groupId=ecomOrderService] (Re-)joining group
2026-01-22 18:48:54 INFO  [org.springframework.kafka.KafkaListenerEndpointContainer#0-0-C-1]  o.a.k.c.c.i.ConsumerCoordinator - [Consumer clientId=consumer-ecomOrderService-1, groupId=ecomOrderService] Successfully joined group with generation Generation{generationId=36, memberId='consumer-ecomOrderService-1-98dcd7d7-8b22-42a6-aea5-f5b0c8081648', protocol='range'}
2026-01-22 18:48:54 INFO  [org.springframework.kafka.KafkaListenerEndpointContainer#0-0-C-1]  o.a.k.c.c.i.ConsumerCoordinator - [Consumer clientId=consumer-ecomOrderService-1, groupId=ecomOrderService] Successfully synced group in generation Generation{generationId=36, memberId='consumer-ecomOrderService-1-98dcd7d7-8b22-42a6-aea5-f5b0c8081648', protocol='range'}
2026-01-22 18:48:54 INFO  [org.springframework.kafka.KafkaListenerEndpointContainer#0-0-C-1]  o.a.k.c.c.i.ConsumerCoordinator - [Consumer clientId=consumer-ecomOrderService-1, groupId=ecomOrderService] Notifying assignor about the new Assignment(partitions=[ecomOrderService_addToProductQuantity-0])
2026-01-22 18:48:54 INFO  [org.springframework.kafka.KafkaListenerEndpointContainer#0-0-C-1]  o.a.k.c.c.i.ConsumerRebalanceListenerInvoker - [Consumer clientId=consumer-ecomOrderService-1, groupId=ecomOrderService] Adding newly assigned partitions: ecomOrderService_addToProductQuantity-0
2026-01-22 18:48:54 INFO  [org.springframework.kafka.KafkaListenerEndpointContainer#0-0-C-1]  o.a.k.c.c.internals.ConsumerUtils - Setting offset for partition ecomOrderService_addToProductQuantity-0 to the committed offset FetchPosition{offset=1, offsetEpoch=Optional.empty, currentLeader=LeaderAndEpoch{leader=Optional[localhost:9092 (id: 1 rack: null)], epoch=0}}
2026-01-22 18:48:54 INFO  [org.springframework.kafka.KafkaListenerEndpointContainer#0-0-C-1]  o.s.k.l.KafkaMessageListenerContainer - ecomOrderService: partitions assigned: [ecomOrderService_addToProductQuantity-0]
2026-01-22 18:50:22 INFO  [http-nio-8082-exec-1]  o.a.c.c.C.[Tomcat].[localhost].[/] - Initializing Spring DispatcherServlet 'dispatcherServlet'
2026-01-22 18:50:22 INFO  [http-nio-8082-exec-1]  o.s.web.servlet.DispatcherServlet - Initializing Servlet 'dispatcherServlet'
2026-01-22 18:50:22 INFO  [http-nio-8082-exec-1]  o.s.web.servlet.DispatcherServlet - Completed initialization in 11 ms
2026-01-22 18:51:00 INFO  [AsyncResolver-bootstrap-executor-%d]  c.n.d.s.r.aws.ConfigClusterResolver - Resolving eureka endpoints via configuration
2026-01-22 18:56:00 INFO  [AsyncResolver-bootstrap-executor-%d]  c.n.d.s.r.aws.ConfigClusterResolver - Resolving eureka endpoints via configuration
2026-01-22 19:01:00 INFO  [AsyncResolver-bootstrap-executor-%d]  c.n.d.s.r.aws.ConfigClusterResolver - Resolving eureka endpoints via configuration
2026-01-22 19:03:08 INFO  [org.springframework.kafka.KafkaListenerEndpointContainer#0-0-C-1]  o.a.k.c.c.i.ConsumerCoordinator - [Consumer clientId=consumer-ecomOrderService-1, groupId=ecomOrderService] Request joining group due to: group is already rebalancing
2026-01-22 19:03:08 INFO  [org.springframework.kafka.KafkaListenerEndpointContainer#0-0-C-1]  o.a.k.c.c.i.ConsumerRebalanceListenerInvoker - [Consumer clientId=consumer-ecomOrderService-1, groupId=ecomOrderService] Revoke previously assigned partitions ecomOrderService_addToProductQuantity-0
2026-01-22 19:03:08 INFO  [org.springframework.kafka.KafkaListenerEndpointContainer#0-0-C-1]  o.s.k.l.KafkaMessageListenerContainer - ecomOrderService: partitions revoked: [ecomOrderService_addToProductQuantity-0]
2026-01-22 19:03:08 INFO  [org.springframework.kafka.KafkaListenerEndpointContainer#0-0-C-1]  o.a.k.c.c.i.ConsumerCoordinator - [Consumer clientId=consumer-ecomOrderService-1, groupId=ecomOrderService] (Re-)joining group
2026-01-22 19:03:08 INFO  [org.springframework.kafka.KafkaListenerEndpointContainer#0-0-C-1]  o.a.k.c.c.i.ConsumerCoordinator - [Consumer clientId=consumer-ecomOrderService-1, groupId=ecomOrderService] Successfully joined group with generation Generation{generationId=37, memberId='consumer-ecomOrderService-1-98dcd7d7-8b22-42a6-aea5-f5b0c8081648', protocol='range'}
2026-01-22 19:03:08 INFO  [org.springframework.kafka.KafkaListenerEndpointContainer#0-0-C-1]  o.a.k.c.c.i.ConsumerCoordinator - [Consumer clientId=consumer-ecomOrderService-1, groupId=ecomOrderService] Successfully synced group in generation Generation{generationId=37, memberId='consumer-ecomOrderService-1-98dcd7d7-8b22-42a6-aea5-f5b0c8081648', protocol='range'}
2026-01-22 19:03:08 INFO  [org.springframework.kafka.KafkaListenerEndpointContainer#0-0-C-1]  o.a.k.c.c.i.ConsumerCoordinator - [Consumer clientId=consumer-ecomOrderService-1, groupId=ecomOrderService] Notifying assignor about the new Assignment(partitions=[ecomOrderService_addToProductQuantity-0])
2026-01-22 19:03:08 INFO  [org.springframework.kafka.KafkaListenerEndpointContainer#0-0-C-1]  o.a.k.c.c.i.ConsumerRebalanceListenerInvoker - [Consumer clientId=consumer-ecomOrderService-1, groupId=ecomOrderService] Adding newly assigned partitions: ecomOrderService_addToProductQuantity-0
2026-01-22 19:03:08 INFO  [org.springframework.kafka.KafkaListenerEndpointContainer#0-0-C-1]  o.a.k.c.c.internals.ConsumerUtils - Setting offset for partition ecomOrderService_addToProductQuantity-0 to the committed offset FetchPosition{offset=1, offsetEpoch=Optional.empty, currentLeader=LeaderAndEpoch{leader=Optional[localhost:9092 (id: 1 rack: null)], epoch=0}}
2026-01-22 19:03:08 INFO  [org.springframework.kafka.KafkaListenerEndpointContainer#0-0-C-1]  o.s.k.l.KafkaMessageListenerContainer - ecomOrderService: partitions assigned: [ecomOrderService_addToProductQuantity-0]
2026-01-22 19:03:50 INFO  [org.springframework.kafka.KafkaListenerEndpointContainer#0-0-C-1]  o.a.k.c.c.i.ConsumerCoordinator - [Consumer clientId=consumer-ecomOrderService-1, groupId=ecomOrderService] Request joining group due to: group is already rebalancing
2026-01-22 19:03:50 INFO  [org.springframework.kafka.KafkaListenerEndpointContainer#0-0-C-1]  o.a.k.c.c.i.ConsumerRebalanceListenerInvoker - [Consumer clientId=consumer-ecomOrderService-1, groupId=ecomOrderService] Revoke previously assigned partitions ecomOrderService_addToProductQuantity-0
2026-01-22 19:03:50 INFO  [org.springframework.kafka.KafkaListenerEndpointContainer#0-0-C-1]  o.s.k.l.KafkaMessageListenerContainer - ecomOrderService: partitions revoked: [ecomOrderService_addToProductQuantity-0]
2026-01-22 19:03:50 INFO  [org.springframework.kafka.KafkaListenerEndpointContainer#0-0-C-1]  o.a.k.c.c.i.ConsumerCoordinator - [Consumer clientId=consumer-ecomOrderService-1, groupId=ecomOrderService] (Re-)joining group
2026-01-22 19:03:50 INFO  [org.springframework.kafka.KafkaListenerEndpointContainer#0-0-C-1]  o.a.k.c.c.i.ConsumerCoordinator - [Consumer clientId=consumer-ecomOrderService-1, groupId=ecomOrderService] Successfully joined group with generation Generation{generationId=38, memberId='consumer-ecomOrderService-1-98dcd7d7-8b22-42a6-aea5-f5b0c8081648', protocol='range'}
2026-01-22 19:03:51 INFO  [org.springframework.kafka.KafkaListenerEndpointContainer#0-0-C-1]  o.a.k.c.c.i.ConsumerCoordinator - [Consumer clientId=consumer-ecomOrderService-1, groupId=ecomOrderService] Successfully synced group in generation Generation{generationId=38, memberId='consumer-ecomOrderService-1-98dcd7d7-8b22-42a6-aea5-f5b0c8081648', protocol='range'}
2026-01-22 19:03:51 INFO  [org.springframework.kafka.KafkaListenerEndpointContainer#0-0-C-1]  o.a.k.c.c.i.ConsumerCoordinator - [Consumer clientId=consumer-ecomOrderService-1, groupId=ecomOrderService] Notifying assignor about the new Assignment(partitions=[ecomOrderService_addToProductQuantity-0])
2026-01-22 19:03:51 INFO  [org.springframework.kafka.KafkaListenerEndpointContainer#0-0-C-1]  o.a.k.c.c.i.ConsumerRebalanceListenerInvoker - [Consumer clientId=consumer-ecomOrderService-1, groupId=ecomOrderService] Adding newly assigned partitions: ecomOrderService_addToProductQuantity-0
2026-01-22 19:03:51 INFO  [org.springframework.kafka.KafkaListenerEndpointContainer#0-0-C-1]  o.a.k.c.c.internals.ConsumerUtils - Setting offset for partition ecomOrderService_addToProductQuantity-0 to the committed offset FetchPosition{offset=1, offsetEpoch=Optional.empty, currentLeader=LeaderAndEpoch{leader=Optional[localhost:9092 (id: 1 rack: null)], epoch=0}}
2026-01-22 19:03:51 INFO  [org.springframework.kafka.KafkaListenerEndpointContainer#0-0-C-1]  o.s.k.l.KafkaMessageListenerContainer - ecomOrderService: partitions assigned: [ecomOrderService_addToProductQuantity-0]
2026-01-22 19:06:00 INFO  [AsyncResolver-bootstrap-executor-%d]  c.n.d.s.r.aws.ConfigClusterResolver - Resolving eureka endpoints via configuration
2026-01-22 19:11:00 INFO  [AsyncResolver-bootstrap-executor-%d]  c.n.d.s.r.aws.ConfigClusterResolver - Resolving eureka endpoints via configuration
2026-01-22 19:16:00 INFO  [AsyncResolver-bootstrap-executor-%d]  c.n.d.s.r.aws.ConfigClusterResolver - Resolving eureka endpoints via configuration
2026-01-22 19:21:00 INFO  [AsyncResolver-bootstrap-executor-%d]  c.n.d.s.r.aws.ConfigClusterResolver - Resolving eureka endpoints via configuration
2026-01-22 19:26:00 INFO  [AsyncResolver-bootstrap-executor-%d]  c.n.d.s.r.aws.ConfigClusterResolver - Resolving eureka endpoints via configuration
2026-01-22 19:31:00 INFO  [AsyncResolver-bootstrap-executor-%d]  c.n.d.s.r.aws.ConfigClusterResolver - Resolving eureka endpoints via configuration
2026-01-22 19:36:00 INFO  [AsyncResolver-bootstrap-executor-%d]  c.n.d.s.r.aws.ConfigClusterResolver - Resolving eureka endpoints via configuration
2026-01-22 19:41:00 INFO  [AsyncResolver-bootstrap-executor-%d]  c.n.d.s.r.aws.ConfigClusterResolver - Resolving eureka endpoints via configuration
2026-01-22 19:46:00 INFO  [AsyncResolver-bootstrap-executor-%d]  c.n.d.s.r.aws.ConfigClusterResolver - Resolving eureka endpoints via configuration
2026-01-22 19:51:00 INFO  [AsyncResolver-bootstrap-executor-%d]  c.n.d.s.r.aws.ConfigClusterResolver - Resolving eureka endpoints via configuration
2026-01-22 19:56:00 INFO  [AsyncResolver-bootstrap-executor-%d]  c.n.d.s.r.aws.ConfigClusterResolver - Resolving eureka endpoints via configuration
2026-01-22 20:01:00 INFO  [AsyncResolver-bootstrap-executor-%d]  c.n.d.s.r.aws.ConfigClusterResolver - Resolving eureka endpoints via configuration
2026-01-22 20:06:00 INFO  [AsyncResolver-bootstrap-executor-%d]  c.n.d.s.r.aws.ConfigClusterResolver - Resolving eureka endpoints via configuration
2026-01-22 20:11:00 INFO  [AsyncResolver-bootstrap-executor-%d]  c.n.d.s.r.aws.ConfigClusterResolver - Resolving eureka endpoints via configuration
2026-01-22 20:16:00 INFO  [AsyncResolver-bootstrap-executor-%d]  c.n.d.s.r.aws.ConfigClusterResolver - Resolving eureka endpoints via configuration
2026-01-22 20:21:00 INFO  [AsyncResolver-bootstrap-executor-%d]  c.n.d.s.r.aws.ConfigClusterResolver - Resolving eureka endpoints via configuration
2026-01-22 20:26:00 INFO  [AsyncResolver-bootstrap-executor-%d]  c.n.d.s.r.aws.ConfigClusterResolver - Resolving eureka endpoints via configuration
2026-01-22 20:31:00 INFO  [AsyncResolver-bootstrap-executor-%d]  c.n.d.s.r.aws.ConfigClusterResolver - Resolving eureka endpoints via configuration
2026-01-22 20:36:00 INFO  [AsyncResolver-bootstrap-executor-%d]  c.n.d.s.r.aws.ConfigClusterResolver - Resolving eureka endpoints via configuration
2026-01-22 20:41:00 INFO  [AsyncResolver-bootstrap-executor-%d]  c.n.d.s.r.aws.ConfigClusterResolver - Resolving eureka endpoints via configuration
2026-01-22 20:46:00 INFO  [AsyncResolver-bootstrap-executor-%d]  c.n.d.s.r.aws.ConfigClusterResolver - Resolving eureka endpoints via configuration
2026-01-22 20:51:00 INFO  [AsyncResolver-bootstrap-executor-%d]  c.n.d.s.r.aws.ConfigClusterResolver - Resolving eureka endpoints via configuration
2026-01-22 20:56:00 INFO  [AsyncResolver-bootstrap-executor-%d]  c.n.d.s.r.aws.ConfigClusterResolver - Resolving eureka endpoints via configuration
2026-01-22 21:00:22 INFO  [org.springframework.kafka.KafkaListenerEndpointContainer#0-0-C-1]  o.a.k.c.c.i.ConsumerCoordinator - [Consumer clientId=consumer-ecomOrderService-1, groupId=ecomOrderService] Request joining group due to: group is already rebalancing
2026-01-22 21:00:22 INFO  [org.springframework.kafka.KafkaListenerEndpointContainer#0-0-C-1]  o.a.k.c.c.i.ConsumerRebalanceListenerInvoker - [Consumer clientId=consumer-ecomOrderService-1, groupId=ecomOrderService] Revoke previously assigned partitions ecomOrderService_addToProductQuantity-0
2026-01-22 21:00:22 INFO  [org.springframework.kafka.KafkaListenerEndpointContainer#0-0-C-1]  o.s.k.l.KafkaMessageListenerContainer - ecomOrderService: partitions revoked: [ecomOrderService_addToProductQuantity-0]
2026-01-22 21:00:22 INFO  [org.springframework.kafka.KafkaListenerEndpointContainer#0-0-C-1]  o.a.k.c.c.i.ConsumerCoordinator - [Consumer clientId=consumer-ecomOrderService-1, groupId=ecomOrderService] (Re-)joining group
2026-01-22 21:00:22 INFO  [org.springframework.kafka.KafkaListenerEndpointContainer#0-0-C-1]  o.a.k.c.c.i.ConsumerCoordinator - [Consumer clientId=consumer-ecomOrderService-1, groupId=ecomOrderService] Successfully joined group with generation Generation{generationId=39, memberId='consumer-ecomOrderService-1-98dcd7d7-8b22-42a6-aea5-f5b0c8081648', protocol='range'}
2026-01-22 21:00:22 INFO  [org.springframework.kafka.KafkaListenerEndpointContainer#0-0-C-1]  o.a.k.c.c.i.ConsumerCoordinator - [Consumer clientId=consumer-ecomOrderService-1, groupId=ecomOrderService] Successfully synced group in generation Generation{generationId=39, memberId='consumer-ecomOrderService-1-98dcd7d7-8b22-42a6-aea5-f5b0c8081648', protocol='range'}
2026-01-22 21:00:22 INFO  [org.springframework.kafka.KafkaListenerEndpointContainer#0-0-C-1]  o.a.k.c.c.i.ConsumerCoordinator - [Consumer clientId=consumer-ecomOrderService-1, groupId=ecomOrderService] Notifying assignor about the new Assignment(partitions=[ecomOrderService_addToProductQuantity-0])
2026-01-22 21:00:22 INFO  [org.springframework.kafka.KafkaListenerEndpointContainer#0-0-C-1]  o.a.k.c.c.i.ConsumerRebalanceListenerInvoker - [Consumer clientId=consumer-ecomOrderService-1, groupId=ecomOrderService] Adding newly assigned partitions: ecomOrderService_addToProductQuantity-0
2026-01-22 21:00:22 INFO  [org.springframework.kafka.KafkaListenerEndpointContainer#0-0-C-1]  o.a.k.c.c.internals.ConsumerUtils - Setting offset for partition ecomOrderService_addToProductQuantity-0 to the committed offset FetchPosition{offset=1, offsetEpoch=Optional.empty, currentLeader=LeaderAndEpoch{leader=Optional[localhost:9092 (id: 1 rack: null)], epoch=0}}
2026-01-22 21:00:22 INFO  [org.springframework.kafka.KafkaListenerEndpointContainer#0-0-C-1]  o.s.k.l.KafkaMessageListenerContainer - ecomOrderService: partitions assigned: [ecomOrderService_addToProductQuantity-0]
2026-01-22 21:00:25 INFO  [SpringApplicationShutdownHook]  o.s.c.n.e.s.EurekaServiceRegistry - Unregistering application ECOMPRODUCTS with eureka with status DOWN
2026-01-22 21:00:25 INFO  [SpringApplicationShutdownHook]  c.netflix.discovery.DiscoveryClient - Saw local status change event StatusChangeEvent [timestamp=1769095825036, current=DOWN, previous=UP]
2026-01-22 21:00:25 INFO  [DiscoveryClient-InstanceInfoReplicator-%d]  c.netflix.discovery.DiscoveryClient - DiscoveryClient_ECOMPRODUCTS/pchandek-54050817H:ecomProducts:8082: registering service...
2026-01-22 21:00:25 INFO  [DiscoveryClient-InstanceInfoReplicator-%d]  c.netflix.discovery.DiscoveryClient - DiscoveryClient_ECOMPRODUCTS/pchandek-54050817H:ecomProducts:8082 - registration status: 204
2026-01-22 21:00:25 INFO  [org.springframework.kafka.KafkaListenerEndpointContainer#0-0-C-1]  o.a.k.c.c.i.ConsumerRebalanceListenerInvoker - [Consumer clientId=consumer-ecomOrderService-1, groupId=ecomOrderService] Revoke previously assigned partitions ecomOrderService_addToProductQuantity-0
2026-01-22 21:00:25 INFO  [org.springframework.kafka.KafkaListenerEndpointContainer#0-0-C-1]  o.s.k.l.KafkaMessageListenerContainer - ecomOrderService: partitions revoked: [ecomOrderService_addToProductQuantity-0]
2026-01-22 21:00:25 INFO  [org.springframework.kafka.KafkaListenerEndpointContainer#0-0-C-1]  o.a.k.c.c.i.ConsumerCoordinator - [Consumer clientId=consumer-ecomOrderService-1, groupId=ecomOrderService] Member consumer-ecomOrderService-1-98dcd7d7-8b22-42a6-aea5-f5b0c8081648 sending LeaveGroup request to coordinator localhost:9092 (id: 2147483646 rack: null) due to the consumer unsubscribed from all topics
2026-01-22 21:00:25 INFO  [org.springframework.kafka.KafkaListenerEndpointContainer#0-0-C-1]  o.a.k.c.c.i.ConsumerCoordinator - [Consumer clientId=consumer-ecomOrderService-1, groupId=ecomOrderService] Resetting generation and member id due to: consumer pro-actively leaving the group
2026-01-22 21:00:25 INFO  [org.springframework.kafka.KafkaListenerEndpointContainer#0-0-C-1]  o.a.k.c.c.i.ConsumerCoordinator - [Consumer clientId=consumer-ecomOrderService-1, groupId=ecomOrderService] Request joining group due to: consumer pro-actively leaving the group
2026-01-22 21:00:25 INFO  [org.springframework.kafka.KafkaListenerEndpointContainer#0-0-C-1]  o.a.k.c.c.i.ClassicKafkaConsumer - [Consumer clientId=consumer-ecomOrderService-1, groupId=ecomOrderService] Unsubscribed all topics or patterns and assigned partitions
2026-01-22 21:00:25 INFO  [org.springframework.kafka.KafkaListenerEndpointContainer#0-0-C-1]  o.a.k.c.c.i.ConsumerCoordinator - [Consumer clientId=consumer-ecomOrderService-1, groupId=ecomOrderService] Resetting generation and member id due to: consumer pro-actively leaving the group
2026-01-22 21:00:25 INFO  [org.springframework.kafka.KafkaListenerEndpointContainer#0-0-C-1]  o.a.k.c.c.i.ConsumerCoordinator - [Consumer clientId=consumer-ecomOrderService-1, groupId=ecomOrderService] Request joining group due to: consumer pro-actively leaving the group
2026-01-22 21:00:25 INFO  [org.springframework.kafka.KafkaListenerEndpointContainer#0-0-C-1]  o.a.kafka.common.metrics.Metrics - Metrics scheduler closed
2026-01-22 21:00:25 INFO  [org.springframework.kafka.KafkaListenerEndpointContainer#0-0-C-1]  o.a.kafka.common.metrics.Metrics - Closing reporter org.apache.kafka.common.metrics.JmxReporter
2026-01-22 21:00:25 INFO  [org.springframework.kafka.KafkaListenerEndpointContainer#0-0-C-1]  o.a.kafka.common.metrics.Metrics - Closing reporter org.apache.kafka.common.telemetry.internals.ClientTelemetryReporter
2026-01-22 21:00:25 INFO  [org.springframework.kafka.KafkaListenerEndpointContainer#0-0-C-1]  o.a.kafka.common.metrics.Metrics - Metrics reporters closed
2026-01-22 21:00:25 INFO  [org.springframework.kafka.KafkaListenerEndpointContainer#0-0-C-1]  o.a.kafka.common.utils.AppInfoParser - App info kafka.consumer for consumer-ecomOrderService-1 unregistered
2026-01-22 21:00:25 INFO  [org.springframework.kafka.KafkaListenerEndpointContainer#0-0-C-1]  o.s.k.l.KafkaMessageListenerContainer - ecomOrderService: Consumer stopped
2026-01-22 21:00:25 INFO  [SpringApplicationShutdownHook]  o.s.b.w.e.tomcat.GracefulShutdown - Commencing graceful shutdown. Waiting for active requests to complete
2026-01-22 21:00:25 INFO  [tomcat-shutdown]  o.s.b.w.e.tomcat.GracefulShutdown - Graceful shutdown complete
2026-01-22 21:00:25 INFO  [SpringApplicationShutdownHook]  o.s.o.j.LocalContainerEntityManagerFactoryBean - Closing JPA EntityManagerFactory for persistence unit 'default'
2026-01-22 21:00:25 INFO  [SpringApplicationShutdownHook]  com.zaxxer.hikari.HikariDataSource - HikariPool-1 - Shutdown initiated...
2026-01-22 21:00:25 INFO  [SpringApplicationShutdownHook]  com.zaxxer.hikari.HikariDataSource - HikariPool-1 - Shutdown completed.
2026-01-22 21:00:25 INFO  [SpringApplicationShutdownHook]  c.netflix.discovery.DiscoveryClient - Shutting down DiscoveryClient ...
2026-01-22 21:00:28 INFO  [SpringApplicationShutdownHook]  c.netflix.discovery.DiscoveryClient - Unregistering ...
2026-01-22 21:00:28 INFO  [SpringApplicationShutdownHook]  c.netflix.discovery.DiscoveryClient - DiscoveryClient_ECOMPRODUCTS/pchandek-54050817H:ecomProducts:8082 - deregister  status: 200
2026-01-22 21:00:28 INFO  [SpringApplicationShutdownHook]  c.netflix.discovery.DiscoveryClient - Completed shut down of DiscoveryClient
